This is pdfTeX, Version 3.14159265-2.6-1.40.20 (MiKTeX 2.9.7140 64-bit) (preloaded format=pdflatex 2019.8.4)  5 JUL 2020 22:52
entering extended mode
**./memoire.tex
(memoire.tex
LaTeX2e <2018-12-01>

("C:\Users\BelkaYasmine\AppData\Local\Programs\MiKTeX 2.9\tex/latex/base\book.c
ls"
Document Class: book 2018/09/03 v1.4i Standard LaTeX document class

("C:\Users\BelkaYasmine\AppData\Local\Programs\MiKTeX 2.9\tex/latex/base\bk12.c
lo"
File: bk12.clo 2018/09/03 v1.4i Standard LaTeX file (size option)
)
\c@part=\count80
\c@chapter=\count81
\c@section=\count82
\c@subsection=\count83
\c@subsubsection=\count84
\c@paragraph=\count85
\c@subparagraph=\count86
\c@figure=\count87
\c@table=\count88
\abovecaptionskip=\skip41
\belowcaptionskip=\skip42
\bibindent=\dimen102
)
("C:\Users\BelkaYasmine\AppData\Local\Programs\MiKTeX 2.9\tex/latex/graphics\gr
aphicx.sty"
Package: graphicx 2017/06/01 v1.1a Enhanced LaTeX Graphics (DPC,SPQR)

("C:\Users\BelkaYasmine\AppData\Local\Programs\MiKTeX 2.9\tex/latex/graphics\ke
yval.sty"
Package: keyval 2014/10/28 v1.15 key=value parser (DPC)
\KV@toks@=\toks14
)
("C:\Users\BelkaYasmine\AppData\Local\Programs\MiKTeX 2.9\tex/latex/graphics\gr
aphics.sty"
Package: graphics 2017/06/25 v1.2c Standard LaTeX Graphics (DPC,SPQR)

("C:\Users\BelkaYasmine\AppData\Local\Programs\MiKTeX 2.9\tex/latex/graphics\tr
ig.sty"
Package: trig 2016/01/03 v1.10 sin cos tan (DPC)
)
("C:\Users\BelkaYasmine\AppData\Local\Programs\MiKTeX 2.9\tex/latex/graphics-cf
g\graphics.cfg"
File: graphics.cfg 2016/06/04 v1.11 sample graphics configuration
)
Package graphics Info: Driver file: pdftex.def on input line 99.

("C:\Users\BelkaYasmine\AppData\Local\Programs\MiKTeX 2.9\tex/latex/graphics-de
f\pdftex.def"
File: pdftex.def 2018/01/08 v1.0l Graphics/color driver for pdftex
))
\Gin@req@height=\dimen103
\Gin@req@width=\dimen104
)
("C:\Users\BelkaYasmine\AppData\Local\Programs\MiKTeX 2.9\tex/generic/babel\bab
el.sty"
Package: babel 2019/07/19 3.33 The Babel package

("C:\Users\BelkaYasmine\AppData\Local\Programs\MiKTeX 2.9\tex/generic/babel\swi
tch.def"
File: switch.def 2019/07/19 3.33 Babel switching mechanism
)
*************************************
* Local config file bblopts.cfg used
*

("C:\Users\BelkaYasmine\AppData\Local\Programs\MiKTeX 2.9\tex/latex/arabi\bblop
ts.cfg"
File: bblopts.cfg 2005/09/08 v0.1 add Arabic and Farsi to "declared" options of
 babel
)
("C:\Users\BelkaYasmine\AppData\Local\Programs\MiKTeX 2.9\tex/generic/babel-fre
nch\french.ldf"
Language: french 2019/03/30 v3.5e French support from the babel system

("C:\Users\BelkaYasmine\AppData\Local\Programs\MiKTeX 2.9\tex/generic/babel\bab
el.def"
File: babel.def 2019/07/19 3.33 Babel common definitions
\babel@savecnt=\count89
\U@D=\dimen105

("C:\Users\BelkaYasmine\AppData\Local\Programs\MiKTeX 2.9\tex/generic/babel\txt
babel.def")
\bbl@dirlevel=\count90
)
\l@acadian = a dialect from \language\l@french 
\FB@nonchar=\count91
Package babel Info: Making : an active character on input line 414.
Package babel Info: Making ; an active character on input line 415.
Package babel Info: Making ! an active character on input line 416.
Package babel Info: Making ? an active character on input line 417.
\FBguill@level=\count92
\FBold@everypar=\toks15
\FB@Mht=\dimen106
\mc@charclass=\count93
\mc@charfam=\count94
\mc@charslot=\count95
\std@mcc=\count96
\dec@mcc=\count97
\c@FBcaption@count=\count98
\listindentFB=\dimen107
\descindentFB=\dimen108
\labelindentFB=\dimen109
\labelwidthFB=\dimen110
\leftmarginFB=\dimen111
\parindentFFN=\dimen112
\FBfnindent=\dimen113
))
("C:\Users\BelkaYasmine\AppData\Local\Programs\MiKTeX 2.9\tex/latex/carlisle\sc
alefnt.sty")
("C:\Users\BelkaYasmine\AppData\Local\Programs\MiKTeX 2.9\tex/latex/base\inpute
nc.sty"
Package: inputenc 2018/08/11 v1.3c Input encoding file
\inpenc@prehook=\toks16
\inpenc@posthook=\toks17
)
("C:\Users\BelkaYasmine\AppData\Local\Programs\MiKTeX 2.9\tex/latex/base\textco
mp.sty"
Package: textcomp 2018/08/11 v2.0j Standard LaTeX package
Package textcomp Info: Sub-encoding information:
(textcomp)               5 = only ISO-Adobe without \textcurrency
(textcomp)               4 = 5 + \texteuro
(textcomp)               3 = 4 + \textohm
(textcomp)               2 = 3 + \textestimated + \textcurrency
(textcomp)               1 = TS1 - \textcircled - \t
(textcomp)               0 = TS1 (full)
(textcomp)             Font families with sub-encoding setting implement
(textcomp)             only a restricted character set as indicated.
(textcomp)             Family '?' is the default used for unknown fonts.
(textcomp)             See the documentation for details.
Package textcomp Info: Setting ? sub-encoding to TS1/1 on input line 79.

("C:\Users\BelkaYasmine\AppData\Local\Programs\MiKTeX 2.9\tex/latex/base\ts1enc
.def"
File: ts1enc.def 2001/06/05 v3.0e (jk/car/fm) Standard LaTeX file
Now handling font encoding TS1 ...
... processing UTF-8 mapping file for font encoding TS1

("C:\Users\BelkaYasmine\AppData\Local\Programs\MiKTeX 2.9\tex/latex/base\ts1enc
.dfu"
File: ts1enc.dfu 2018/10/05 v1.2f UTF-8 support for inputenc
   defining Unicode char U+00A2 (decimal 162)
   defining Unicode char U+00A3 (decimal 163)
   defining Unicode char U+00A4 (decimal 164)
   defining Unicode char U+00A5 (decimal 165)
   defining Unicode char U+00A6 (decimal 166)
   defining Unicode char U+00A7 (decimal 167)
   defining Unicode char U+00A8 (decimal 168)
   defining Unicode char U+00A9 (decimal 169)
   defining Unicode char U+00AA (decimal 170)
   defining Unicode char U+00AC (decimal 172)
   defining Unicode char U+00AE (decimal 174)
   defining Unicode char U+00AF (decimal 175)
   defining Unicode char U+00B0 (decimal 176)
   defining Unicode char U+00B1 (decimal 177)
   defining Unicode char U+00B2 (decimal 178)
   defining Unicode char U+00B3 (decimal 179)
   defining Unicode char U+00B4 (decimal 180)
   defining Unicode char U+00B5 (decimal 181)
   defining Unicode char U+00B6 (decimal 182)
   defining Unicode char U+00B7 (decimal 183)
   defining Unicode char U+00B9 (decimal 185)
   defining Unicode char U+00BA (decimal 186)
   defining Unicode char U+00BC (decimal 188)
   defining Unicode char U+00BD (decimal 189)
   defining Unicode char U+00BE (decimal 190)
   defining Unicode char U+00D7 (decimal 215)
   defining Unicode char U+00F7 (decimal 247)
   defining Unicode char U+0192 (decimal 402)
   defining Unicode char U+02C7 (decimal 711)
   defining Unicode char U+02D8 (decimal 728)
   defining Unicode char U+02DD (decimal 733)
   defining Unicode char U+0E3F (decimal 3647)
   defining Unicode char U+2016 (decimal 8214)
   defining Unicode char U+2020 (decimal 8224)
   defining Unicode char U+2021 (decimal 8225)
   defining Unicode char U+2022 (decimal 8226)
   defining Unicode char U+2030 (decimal 8240)
   defining Unicode char U+2031 (decimal 8241)
   defining Unicode char U+203B (decimal 8251)
   defining Unicode char U+203D (decimal 8253)
   defining Unicode char U+2044 (decimal 8260)
   defining Unicode char U+204E (decimal 8270)
   defining Unicode char U+2052 (decimal 8274)
   defining Unicode char U+20A1 (decimal 8353)
   defining Unicode char U+20A4 (decimal 8356)
   defining Unicode char U+20A6 (decimal 8358)
   defining Unicode char U+20A9 (decimal 8361)
   defining Unicode char U+20AB (decimal 8363)
   defining Unicode char U+20AC (decimal 8364)
   defining Unicode char U+20B1 (decimal 8369)
   defining Unicode char U+2103 (decimal 8451)
   defining Unicode char U+2116 (decimal 8470)
   defining Unicode char U+2117 (decimal 8471)
   defining Unicode char U+211E (decimal 8478)
   defining Unicode char U+2120 (decimal 8480)
   defining Unicode char U+2122 (decimal 8482)
   defining Unicode char U+2126 (decimal 8486)
   defining Unicode char U+2127 (decimal 8487)
   defining Unicode char U+212E (decimal 8494)
   defining Unicode char U+2190 (decimal 8592)
   defining Unicode char U+2191 (decimal 8593)
   defining Unicode char U+2192 (decimal 8594)
   defining Unicode char U+2193 (decimal 8595)
   defining Unicode char U+2329 (decimal 9001)
   defining Unicode char U+232A (decimal 9002)
   defining Unicode char U+2422 (decimal 9250)
   defining Unicode char U+25E6 (decimal 9702)
   defining Unicode char U+25EF (decimal 9711)
   defining Unicode char U+266A (decimal 9834)
   defining Unicode char U+FEFF (decimal 65279)
))
LaTeX Info: Redefining \oldstylenums on input line 334.
Package textcomp Info: Setting cmr sub-encoding to TS1/0 on input line 349.
Package textcomp Info: Setting cmss sub-encoding to TS1/0 on input line 350.
Package textcomp Info: Setting cmtt sub-encoding to TS1/0 on input line 351.
Package textcomp Info: Setting cmvtt sub-encoding to TS1/0 on input line 352.
Package textcomp Info: Setting cmbr sub-encoding to TS1/0 on input line 353.
Package textcomp Info: Setting cmtl sub-encoding to TS1/0 on input line 354.
Package textcomp Info: Setting ccr sub-encoding to TS1/0 on input line 355.
Package textcomp Info: Setting ptm sub-encoding to TS1/4 on input line 356.
Package textcomp Info: Setting pcr sub-encoding to TS1/4 on input line 357.
Package textcomp Info: Setting phv sub-encoding to TS1/4 on input line 358.
Package textcomp Info: Setting ppl sub-encoding to TS1/3 on input line 359.
Package textcomp Info: Setting pag sub-encoding to TS1/4 on input line 360.
Package textcomp Info: Setting pbk sub-encoding to TS1/4 on input line 361.
Package textcomp Info: Setting pnc sub-encoding to TS1/4 on input line 362.
Package textcomp Info: Setting pzc sub-encoding to TS1/4 on input line 363.
Package textcomp Info: Setting bch sub-encoding to TS1/4 on input line 364.
Package textcomp Info: Setting put sub-encoding to TS1/5 on input line 365.
Package textcomp Info: Setting uag sub-encoding to TS1/5 on input line 366.
Package textcomp Info: Setting ugq sub-encoding to TS1/5 on input line 367.
Package textcomp Info: Setting ul8 sub-encoding to TS1/4 on input line 368.
Package textcomp Info: Setting ul9 sub-encoding to TS1/4 on input line 369.
Package textcomp Info: Setting augie sub-encoding to TS1/5 on input line 370.
Package textcomp Info: Setting dayrom sub-encoding to TS1/3 on input line 371.
Package textcomp Info: Setting dayroms sub-encoding to TS1/3 on input line 372.

Package textcomp Info: Setting pxr sub-encoding to TS1/0 on input line 373.
Package textcomp Info: Setting pxss sub-encoding to TS1/0 on input line 374.
Package textcomp Info: Setting pxtt sub-encoding to TS1/0 on input line 375.
Package textcomp Info: Setting txr sub-encoding to TS1/0 on input line 376.
Package textcomp Info: Setting txss sub-encoding to TS1/0 on input line 377.
Package textcomp Info: Setting txtt sub-encoding to TS1/0 on input line 378.
Package textcomp Info: Setting lmr sub-encoding to TS1/0 on input line 379.
Package textcomp Info: Setting lmdh sub-encoding to TS1/0 on input line 380.
Package textcomp Info: Setting lmss sub-encoding to TS1/0 on input line 381.
Package textcomp Info: Setting lmssq sub-encoding to TS1/0 on input line 382.
Package textcomp Info: Setting lmvtt sub-encoding to TS1/0 on input line 383.
Package textcomp Info: Setting lmtt sub-encoding to TS1/0 on input line 384.
Package textcomp Info: Setting qhv sub-encoding to TS1/0 on input line 385.
Package textcomp Info: Setting qag sub-encoding to TS1/0 on input line 386.
Package textcomp Info: Setting qbk sub-encoding to TS1/0 on input line 387.
Package textcomp Info: Setting qcr sub-encoding to TS1/0 on input line 388.
Package textcomp Info: Setting qcs sub-encoding to TS1/0 on input line 389.
Package textcomp Info: Setting qpl sub-encoding to TS1/0 on input line 390.
Package textcomp Info: Setting qtm sub-encoding to TS1/0 on input line 391.
Package textcomp Info: Setting qzc sub-encoding to TS1/0 on input line 392.
Package textcomp Info: Setting qhvc sub-encoding to TS1/0 on input line 393.
Package textcomp Info: Setting futs sub-encoding to TS1/4 on input line 394.
Package textcomp Info: Setting futx sub-encoding to TS1/4 on input line 395.
Package textcomp Info: Setting futj sub-encoding to TS1/4 on input line 396.
Package textcomp Info: Setting hlh sub-encoding to TS1/3 on input line 397.
Package textcomp Info: Setting hls sub-encoding to TS1/3 on input line 398.
Package textcomp Info: Setting hlst sub-encoding to TS1/3 on input line 399.
Package textcomp Info: Setting hlct sub-encoding to TS1/5 on input line 400.
Package textcomp Info: Setting hlx sub-encoding to TS1/5 on input line 401.
Package textcomp Info: Setting hlce sub-encoding to TS1/5 on input line 402.
Package textcomp Info: Setting hlcn sub-encoding to TS1/5 on input line 403.
Package textcomp Info: Setting hlcw sub-encoding to TS1/5 on input line 404.
Package textcomp Info: Setting hlcf sub-encoding to TS1/5 on input line 405.
Package textcomp Info: Setting pplx sub-encoding to TS1/3 on input line 406.
Package textcomp Info: Setting pplj sub-encoding to TS1/3 on input line 407.
Package textcomp Info: Setting ptmx sub-encoding to TS1/4 on input line 408.
Package textcomp Info: Setting ptmj sub-encoding to TS1/4 on input line 409.
)
("C:\Users\BelkaYasmine\AppData\Local\Programs\MiKTeX 2.9\tex/latex/base\fonten
c.sty"
Package: fontenc 2018/08/11 v2.0j Standard LaTeX package

("C:\Users\BelkaYasmine\AppData\Local\Programs\MiKTeX 2.9\tex/latex/base\t1enc.
def"
File: t1enc.def 2018/08/11 v2.0j Standard LaTeX file
LaTeX Font Info:    Redeclaring font encoding T1 on input line 48.
))
("C:\Users\BelkaYasmine\AppData\Local\Programs\MiKTeX 2.9\tex/latex/multirow\mu
ltirow.sty"
Package: multirow 2019/05/31 v2.5 Span multiple rows of a table
\multirow@colwidth=\skip43
\multirow@cntb=\count99
\multirow@dima=\skip44
\bigstrutjot=\dimen114
)
("C:\Users\BelkaYasmine\AppData\Local\Programs\MiKTeX 2.9\tex/latex/xcolor\xcol
or.sty"
Package: xcolor 2016/05/11 v2.12 LaTeX color extensions (UK)

("C:\Users\BelkaYasmine\AppData\Local\Programs\MiKTeX 2.9\tex/latex/graphics-cf
g\color.cfg"
File: color.cfg 2016/01/02 v1.6 sample color configuration
)
Package xcolor Info: Driver file: pdftex.def on input line 225.

("C:\Users\BelkaYasmine\AppData\Local\Programs\MiKTeX 2.9\tex/latex/colortbl\co
lortbl.sty"
Package: colortbl 2018/12/12 v1.0d Color table columns (DPC)

("C:\Users\BelkaYasmine\AppData\Local\Programs\MiKTeX 2.9\tex/latex/tools\array
.sty"
Package: array 2018/12/30 v2.4k Tabular extension package (FMi)
\col@sep=\dimen115
\ar@mcellbox=\box27
\extrarowheight=\dimen116
\NC@list=\toks18
\extratabsurround=\skip45
\backup@length=\skip46
\ar@cellbox=\box28
)
\everycr=\toks19
\minrowclearance=\skip47
)
\rownum=\count100
Package xcolor Info: Model `cmy' substituted by `cmy0' on input line 1348.
Package xcolor Info: Model `hsb' substituted by `rgb' on input line 1352.
Package xcolor Info: Model `RGB' extended on input line 1364.
Package xcolor Info: Model `HTML' substituted by `rgb' on input line 1366.
Package xcolor Info: Model `Hsb' substituted by `hsb' on input line 1367.
Package xcolor Info: Model `tHsb' substituted by `hsb' on input line 1368.
Package xcolor Info: Model `HSB' substituted by `hsb' on input line 1369.
Package xcolor Info: Model `Gray' substituted by `gray' on input line 1370.
Package xcolor Info: Model `wave' substituted by `hsb' on input line 1371.
)
("C:\Users\BelkaYasmine\AppData\Local\Programs\MiKTeX 2.9\tex/latex/listings\li
stings.sty"
\lst@mode=\count101
\lst@gtempboxa=\box29
\lst@token=\toks20
\lst@length=\count102
\lst@currlwidth=\dimen117
\lst@column=\count103
\lst@pos=\count104
\lst@lostspace=\dimen118
\lst@width=\dimen119
\lst@newlines=\count105
\lst@lineno=\count106
\lst@maxwidth=\dimen120

("C:\Users\BelkaYasmine\AppData\Local\Programs\MiKTeX 2.9\tex/latex/listings\ls
tmisc.sty"
File: lstmisc.sty 2019/02/27 1.8b (Carsten Heinz)
\c@lstnumber=\count107
\lst@skipnumbers=\count108
\lst@framebox=\box30
)
("C:\Users\BelkaYasmine\AppData\Local\Programs\MiKTeX 2.9\tex/latex/listings\li
stings.cfg"
File: listings.cfg 2019/02/27 1.8b listings configuration
))
Package: listings 2019/02/27 1.8b (Carsten Heinz)

("C:\Users\BelkaYasmine\AppData\Local\Programs\MiKTeX 2.9\tex/latex/float\float
.sty"
Package: float 2001/11/08 v1.3d Float enhancements (AL)
\c@float@type=\count109
\float@exts=\toks21
\float@box=\box31
\@float@everytoks=\toks22
\@floatcapt=\box32
)
("C:\Users\BelkaYasmine\AppData\Local\Programs\MiKTeX 2.9\tex/latex/url\url.sty
"
\Urlmuskip=\muskip10
Package: url 2013/09/16  ver 3.4  Verb mode for urls, etc.
)
("C:\Users\BelkaYasmine\AppData\Local\Programs\MiKTeX 2.9\tex/latex/algorithms\
algorithm.sty"
Package: algorithm 2009/08/24 v0.1 Document Style `algorithm' - floating enviro
nment

("C:\Users\BelkaYasmine\AppData\Local\Programs\MiKTeX 2.9\tex/latex/base\ifthen
.sty"
Package: ifthen 2014/09/29 v1.1c Standard LaTeX ifthen package (DPC)
)
\@float@every@algorithm=\toks23
\c@algorithm=\count110
) (style/myalgorithm.sty

LaTeX Warning: You have requested package `style/myalgorithm',
               but the package provides `myalgorithm'.

Package: myalgorithm 2004/12/05 - simple algorithm environment (GZ)

LaTeX Warning: You have requested package `style/myalgorithm',
               but the package provides `myalgorithm'.

Package: myalgorithm 

("C:\Users\BelkaYasmine\AppData\Local\Programs\MiKTeX 2.9\tex/latex/tools\calc.
sty"
Package: calc 2017/05/25 v4.3 Infix arithmetic (KKT,FJ)
\calc@Acount=\count111
\calc@Bcount=\count112
\calc@Adimen=\dimen121
\calc@Bdimen=\dimen122
\calc@Askip=\skip48
\calc@Bskip=\skip49
LaTeX Info: Redefining \setlength on input line 80.
LaTeX Info: Redefining \addtolength on input line 81.
\calc@Ccount=\count113
\calc@Cskip=\skip50
)
("C:\Users\BelkaYasmine\AppData\Local\Programs\MiKTeX 2.9\tex/latex/ulem\ulem.s
ty"
\UL@box=\box33
\UL@hyphenbox=\box34
\UL@skip=\skip51
\UL@hook=\toks24
\UL@height=\dimen123
\UL@pe=\count114
\UL@pixel=\dimen124
\ULC@box=\box35
Package: ulem 2012/05/18
\ULdepth=\dimen125
)
\c@ALC@line=\count115
\c@ALC@rem=\count116
\ALC@tlm=\skip52
\ALC@sep=\skip53
)
("C:\Users\BelkaYasmine\AppData\Local\Programs\MiKTeX 2.9\tex/latex/amsmath\ams
math.sty"
Package: amsmath 2018/12/01 v2.17b AMS math features
\@mathmargin=\skip54

For additional information on amsmath, use the `?' option.

("C:\Users\BelkaYasmine\AppData\Local\Programs\MiKTeX 2.9\tex/latex/amsmath\ams
text.sty"
Package: amstext 2000/06/29 v2.01 AMS text

("C:\Users\BelkaYasmine\AppData\Local\Programs\MiKTeX 2.9\tex/latex/amsmath\ams
gen.sty"
File: amsgen.sty 1999/11/30 v2.0 generic functions
\@emptytoks=\toks25
\ex@=\dimen126
))
("C:\Users\BelkaYasmine\AppData\Local\Programs\MiKTeX 2.9\tex/latex/amsmath\ams
bsy.sty"
Package: amsbsy 1999/11/29 v1.2d Bold Symbols
\pmbraise@=\dimen127
)
("C:\Users\BelkaYasmine\AppData\Local\Programs\MiKTeX 2.9\tex/latex/amsmath\ams
opn.sty"
Package: amsopn 2016/03/08 v2.02 operator names
)
\inf@bad=\count117
LaTeX Info: Redefining \frac on input line 223.
\uproot@=\count118
\leftroot@=\count119
LaTeX Info: Redefining \overline on input line 385.
\classnum@=\count120
\DOTSCASE@=\count121
LaTeX Info: Redefining \ldots on input line 482.
LaTeX Info: Redefining \dots on input line 485.
LaTeX Info: Redefining \cdots on input line 606.
\Mathstrutbox@=\box36
\strutbox@=\box37
\big@size=\dimen128
LaTeX Font Info:    Redeclaring font encoding OML on input line 729.
LaTeX Font Info:    Redeclaring font encoding OMS on input line 730.
\macc@depth=\count122
\c@MaxMatrixCols=\count123
\dotsspace@=\muskip11
\c@parentequation=\count124
\dspbrk@lvl=\count125
\tag@help=\toks26
\row@=\count126
\column@=\count127
\maxfields@=\count128
\andhelp@=\toks27
\eqnshift@=\dimen129
\alignsep@=\dimen130
\tagshift@=\dimen131
\tagwidth@=\dimen132
\totwidth@=\dimen133
\lineht@=\dimen134
\@envbody=\toks28
\multlinegap=\skip55
\multlinetaggap=\skip56
\mathdisplay@stack=\toks29
LaTeX Info: Redefining \[ on input line 2844.
LaTeX Info: Redefining \] on input line 2845.
)
("C:\Users\BelkaYasmine\AppData\Local\Programs\MiKTeX 2.9\tex/latex/amsfonts\am
sfonts.sty"
Package: amsfonts 2013/01/14 v3.01 Basic AMSFonts support
\symAMSa=\mathgroup4
\symAMSb=\mathgroup5
LaTeX Font Info:    Overwriting math alphabet `\mathfrak' in version `bold'
(Font)                  U/euf/m/n --> U/euf/b/n on input line 106.
)
("C:\Users\BelkaYasmine\AppData\Local\Programs\MiKTeX 2.9\tex/latex/amsfonts\am
ssymb.sty"
Package: amssymb 2013/01/14 v3.01 AMS font symbols
)
("C:\Users\BelkaYasmine\AppData\Local\Programs\MiKTeX 2.9\tex/latex/commath\com
math.sty")
\@float@every@programslist=\toks30
\c@programslist=\count129
\c@program=\count130
 (memoire.aux)
\openout1 = `memoire.aux'.

LaTeX Font Info:    Checking defaults for OML/cmm/m/it on input line 50.
LaTeX Font Info:    ... okay on input line 50.
LaTeX Font Info:    Checking defaults for T1/cmr/m/n on input line 50.
LaTeX Font Info:    ... okay on input line 50.
LaTeX Font Info:    Checking defaults for OT1/cmr/m/n on input line 50.
LaTeX Font Info:    ... okay on input line 50.
LaTeX Font Info:    Checking defaults for OMS/cmsy/m/n on input line 50.
LaTeX Font Info:    ... okay on input line 50.
LaTeX Font Info:    Checking defaults for OMX/cmex/m/n on input line 50.
LaTeX Font Info:    ... okay on input line 50.
LaTeX Font Info:    Checking defaults for U/cmr/m/n on input line 50.
LaTeX Font Info:    ... okay on input line 50.
LaTeX Font Info:    Checking defaults for TS1/cmr/m/n on input line 50.
LaTeX Font Info:    Try loading font information for TS1+cmr on input line 50.

("C:\Users\BelkaYasmine\AppData\Local\Programs\MiKTeX 2.9\tex/latex/base\ts1cmr
.fd"
File: ts1cmr.fd 2014/09/29 v2.5h Standard LaTeX font definitions
)
LaTeX Font Info:    ... okay on input line 50.

("C:\Users\BelkaYasmine\AppData\Local\Programs\MiKTeX 2.9\tex/context/base/mkii
\supp-pdf.mkii"
[Loading MPS to PDF converter (version 2006.09.02).]
\scratchcounter=\count131
\scratchdimen=\dimen135
\scratchbox=\box38
\nofMPsegments=\count132
\nofMParguments=\count133
\everyMPshowfont=\toks31
\MPscratchCnt=\count134
\MPscratchDim=\dimen136
\MPnumerator=\count135
\makeMPintoPDFobject=\count136
\everyMPtoPDFconversion=\toks32
)
("C:\Users\BelkaYasmine\AppData\Local\Programs\MiKTeX 2.9\tex/latex/oberdiek\ep
stopdf-base.sty"
Package: epstopdf-base 2016/05/15 v2.6 Base part for package epstopdf

("C:\Users\BelkaYasmine\AppData\Local\Programs\MiKTeX 2.9\tex/generic/oberdiek\
infwarerr.sty"
Package: infwarerr 2016/05/16 v1.4 Providing info/warning/error messages (HO)
)
("C:\Users\BelkaYasmine\AppData\Local\Programs\MiKTeX 2.9\tex/latex/oberdiek\gr
fext.sty"
Package: grfext 2016/05/16 v1.2 Manage graphics extensions (HO)

("C:\Users\BelkaYasmine\AppData\Local\Programs\MiKTeX 2.9\tex/generic/oberdiek\
kvdefinekeys.sty"
Package: kvdefinekeys 2016/05/16 v1.4 Define keys (HO)

("C:\Users\BelkaYasmine\AppData\Local\Programs\MiKTeX 2.9\tex/generic/oberdiek\
ltxcmds.sty"
Package: ltxcmds 2016/05/16 v1.23 LaTeX kernel commands for general use (HO)
)))
("C:\Users\BelkaYasmine\AppData\Local\Programs\MiKTeX 2.9\tex/latex/oberdiek\kv
options.sty"
Package: kvoptions 2016/05/16 v3.12 Key value format for package options (HO)

("C:\Users\BelkaYasmine\AppData\Local\Programs\MiKTeX 2.9\tex/generic/oberdiek\
kvsetkeys.sty"
Package: kvsetkeys 2016/05/16 v1.17 Key value parser (HO)

("C:\Users\BelkaYasmine\AppData\Local\Programs\MiKTeX 2.9\tex/generic/oberdiek\
etexcmds.sty"
Package: etexcmds 2016/05/16 v1.6 Avoid name clashes with e-TeX commands (HO)

("C:\Users\BelkaYasmine\AppData\Local\Programs\MiKTeX 2.9\tex/generic/oberdiek\
ifluatex.sty"
Package: ifluatex 2016/05/16 v1.4 Provides the ifluatex switch (HO)
Package ifluatex Info: LuaTeX not detected.
))))
("C:\Users\BelkaYasmine\AppData\Local\Programs\MiKTeX 2.9\tex/generic/oberdiek\
pdftexcmds.sty"
Package: pdftexcmds 2019/07/25 v0.30 Utility functions of pdfTeX for LuaTeX (HO
)

("C:\Users\BelkaYasmine\AppData\Local\Programs\MiKTeX 2.9\tex/generic/oberdiek\
ifpdf.sty"
Package: ifpdf 2018/09/07 v3.3 Provides the ifpdf switch
)
Package pdftexcmds Info: LuaTeX not detected.
Package pdftexcmds Info: \pdf@primitive is available.
Package pdftexcmds Info: \pdf@ifprimitive is available.
Package pdftexcmds Info: \pdfdraftmode found.
)
Package epstopdf-base Info: Redefining graphics rule for `.eps' on input line 4
38.
Package grfext Info: Graphics extension search list:
(grfext)             [.pdf,.png,.jpg,.mps,.jpeg,.jbig2,.jb2,.PDF,.PNG,.JPG,.JPE
G,.JBIG2,.JB2,.eps]
(grfext)             \AppendGraphicsExtensions on input line 456.
)
LaTeX Info: Redefining \degres on input line 50.
LaTeX Info: Redefining \dots on input line 50.
LaTeX Info: Redefining \up on input line 50.
\c@lstlisting=\count137
<images/paris8Logo.png, id=1, 428.60126pt x 211.79124pt>
File: images/paris8Logo.png Graphic file (type png)
<use images/paris8Logo.png>
Package pdftex.def Info: images/paris8Logo.png  used on input line 54.
(pdftex.def)             Requested size: 170.71806pt x 71.13228pt.
LaTeX Font Info:    Try loading font information for U+msa on input line 70.

("C:\Users\BelkaYasmine\AppData\Local\Programs\MiKTeX 2.9\tex/latex/amsfonts\um
sa.fd"
File: umsa.fd 2013/01/14 v3.01 AMS symbols A
)
LaTeX Font Info:    Try loading font information for U+msb on input line 70.

("C:\Users\BelkaYasmine\AppData\Local\Programs\MiKTeX 2.9\tex/latex/amsfonts\um
sb.fd"
File: umsb.fd 2013/01/14 v3.01 AMS symbols B
) [1


{C:/Users/BelkaYasmine/AppData/Local/MiKTeX/2.9/pdftex/config/pdftex.map} <./im
ages/paris8Logo.png>] [2

] [1

] [2

]
Underfull \hbox (badness 10000) in paragraph at lines 85--86

 []

[3] [4

] [5] [6

] (memoire.toc [7])
\tf@toc=\write3
\openout3 = `memoire.toc'.

 [8] (memoire.lof)
\tf@lof=\write4
\openout4 = `memoire.lof'.

 [9

] [10

]
Overfull \hbox (3.43011pt too wide) in paragraph at lines 115--116
[]\T1/cmr/m/n/12 Par la suite, nous ex-ploi-tons cer-taines fonc-tion-na-li-tés
 four-nies par OpenCV
 []

LaTeX Font Info:    Try loading font information for T1+cmtt on input line 116.


("C:\Users\BelkaYasmine\AppData\Local\Programs\MiKTeX 2.9\tex/latex/base\t1cmtt
.fd"
File: t1cmtt.fd 2014/09/29 v2.5h Standard LaTeX font definitions
) [1

] [2

]
Chapitre 1.
[3] [4]
Underfull \hbox (badness 10000) in paragraph at lines 139--141

 []


Underfull \hbox (badness 10000) in paragraph at lines 139--141

 []


Underfull \hbox (badness 10000) in paragraph at lines 139--141

 []


Overfull \hbox (0.32362pt too wide) in paragraph at lines 144--145
[]\T1/cmr/m/n/12 : cet ap-pa-reil est pourvu d'un
 []

<images/instrument1.jpg, id=69, 336.50719pt x 203.25937pt>
File: images/instrument1.jpg Graphic file (type jpg)
<use images/instrument1.jpg>
Package pdftex.def Info: images/instrument1.jpg  used on input line 150.
(pdftex.def)             Requested size: 185.07951pt x 111.79298pt.
[5 <./images/instrument1.jpg>]
<images/instrument2.jpg, id=74, 353.06906pt x 309.40594pt>
File: images/instrument2.jpg Graphic file (type jpg)
<use images/instrument2.jpg>
Package pdftex.def Info: images/instrument2.jpg  used on input line 173.
(pdftex.def)             Requested size: 176.53409pt x 154.70259pt.
<images/instrument3.jpg, id=75, 378.66469pt x 149.05687pt>
File: images/instrument3.jpg Graphic file (type jpg)
<use images/instrument3.jpg>
Package pdftex.def Info: images/instrument3.jpg  used on input line 193.
(pdftex.def)             Requested size: 246.12912pt x 96.8858pt.
 [6 <./images/instrument2.jpg>]
Underfull \hbox (badness 10000) in paragraph at lines 211--212

 []

[7 <./images/instrument3.jpg>]
Overfull \hbox (7.22345pt too wide) in paragraph at lines 224--225
[]\T1/cmr/m/n/12 : Mean Ab-so-lute Er-ror qui pour-rait être tra-duit par ; er-
reur moyenne
 []


Underfull \hbox (badness 10000) in paragraph at lines 235--239

 []

<images/Asus.png, id=89, 983.17313pt x 432.86719pt>
File: images/Asus.png Graphic file (type png)
<use images/Asus.png>
Package pdftex.def Info: images/Asus.png  used on input line 250.
(pdftex.def)             Requested size: 442.42383pt x 194.78842pt.

Overfull \hbox (52.42383pt too wide) in paragraph at lines 249--251
 [] 
 []

[8]
<images/interference.png, id=93, 684.5575pt x 124.465pt>
File: images/interference.png Graphic file (type png)
<use images/interference.png>
Package pdftex.def Info: images/interference.png  used on input line 267.
(pdftex.def)             Requested size: 342.27791pt x 62.23235pt.
 [9 <./images/Asus.png>]

LaTeX Warning: Citation `RAFIBAKHSH15' on page 10 undefined on input line 271.


LaTeX Warning: Citation `MaimoneFuchs15' on page 10 undefined on input line 271
.


LaTeX Warning: Citation `KentonCraigMace12' on page 10 undefined on input line 
271.

[10 <./images/interference.png>]
<images/focalLength.png, id=102, 958.3303pt x 545.78906pt>
File: images/focalLength.png Graphic file (type png)
<use images/focalLength.png>
Package pdftex.def Info: images/focalLength.png  used on input line 288.
(pdftex.def)             Requested size: 479.16399pt x 272.89386pt.

Overfull \hbox (6.41621pt too wide) in paragraph at lines 287--289
[]  []
 []


Underfull \hbox (badness 10000) in paragraph at lines 287--289

 []


Underfull \hbox (badness 10000) in paragraph at lines 280--290

 []


Underfull \hbox (badness 10000) in paragraph at lines 280--290

 []


Underfull \vbox (badness 10000) has occurred while \output is active []

 [11]
Underfull \hbox (badness 10000) in paragraph at lines 295--300

 []


Underfull \hbox (badness 10000) in paragraph at lines 304--305

 []


Underfull \vbox (badness 10000) has occurred while \output is active []

 [12 <./images/focalLength.png>] [13] [14

]
Chapitre 2.
<images/maquetteApp1.png, id=117, 663.6795pt x 435.42674pt>
File: images/maquetteApp1.png Graphic file (type png)
<use images/maquetteApp1.png>
Package pdftex.def Info: images/maquetteApp1.png  used on input line 323.
(pdftex.def)             Requested size: 331.83894pt x 217.71283pt.

Underfull \hbox (badness 10000) in paragraph at lines 322--324
[]  []
 []


Underfull \hbox (badness 10000) in paragraph at lines 322--324

 []

[15 <./images/maquetteApp1.png>]
<images/maquetteApp2.png, id=121, 810.77907pt x 639.89063pt>
File: images/maquetteApp2.png Graphic file (type png)
<use images/maquetteApp2.png>
Package pdftex.def Info: images/maquetteApp2.png  used on input line 333.
(pdftex.def)             Requested size: 405.38855pt x 319.94452pt.

Underfull \hbox (badness 10000) in paragraph at lines 332--334
[]  []
 []


Underfull \hbox (badness 10000) in paragraph at lines 332--334

 []

[16 <./images/maquetteApp2.png>]
Overfull \hbox (2.25552pt too wide) in paragraph at lines 345--347
\T1/cmr/m/n/12 Gui dis-po-nible sur Gi-tHub sur le lien sui-vant $\T1/cmtt/m/n/
12 https : / / github . com / ocornut /
 []

<images/GUI.png, id=126, 557.08125pt x 446.66875pt>
File: images/GUI.png Graphic file (type png)
<use images/GUI.png>
Package pdftex.def Info: images/GUI.png  used on input line 352.
(pdftex.def)             Requested size: 214.47269pt x 171.96458pt.

Underfull \vbox (badness 10000) has occurred while \output is active []

 [17]
Underfull \hbox (badness 10000) in paragraph at lines 360--360
[][][]\T1/cmr/m/n/10 .[]Nous nous sommes for-te-ment ins-pi-rés du tra-vail réa
-lisé par
 []


Underfull \hbox (badness 10000) in paragraph at lines 360--360
\T1/cmr/m/n/10 Adrian RO-SE-BROCK, Ph.D en vi-sion par or-di-na-teur, dis-po-ni
ble
 []


Underfull \hbox (badness 10000) in paragraph at lines 360--360
\T1/cmr/m/n/10 sur le lien sui-vant : $\T1/cmtt/m/n/10 https : / / www . pyimag
esearch . com / 2015 / 01 / 26 /
 []


Underfull \hbox (badness 10000) in paragraph at lines 361--364

 []


Underfull \hbox (badness 10000) in paragraph at lines 361--364

 []


Underfull \hbox (badness 10000) in paragraph at lines 361--364

 []

[18 <./images/GUI.png>]
Overfull \hbox (14.31366pt too wide) in paragraph at lines 366--366
[]\T1/cmr/m/n/12 Pour celle-ci, nous ré-cu-pé-rons les va-leurs de la carte de 
pro-fon-deur d'OpenGL
 []


Underfull \hbox (badness 1112) in paragraph at lines 366--366
\T1/cmr/m/n/10 er-reurs tout comme le RMSE vu plus haut. Consul-ter cette page 
web pour un
 []

[19]
<images/report.png, id=140, 2007.5pt x 2007.5pt>
File: images/report.png Graphic file (type png)
<use images/report.png>
Package pdftex.def Info: images/report.png  used on input line 373.
(pdftex.def)             Requested size: 501.87378pt x 501.87378pt.

Overfull \hbox (111.87378pt too wide) in paragraph at lines 373--374
[][]
 []


Underfull \hbox (badness 10000) in paragraph at lines 373--374

 []

[20] [21 <./images/report.png>] [22

]
Chapitre 3.
<images/realModel.png, id=150, 571.38469pt x 429.85594pt>
File: images/realModel.png Graphic file (type png)
<use images/realModel.png>
Package pdftex.def Info: images/realModel.png  used on input line 383.
(pdftex.def)             Requested size: 285.69164pt x 214.92744pt.
[23 <./images/realModel.png>]
<images/3DModel.png, id=155, 905.63344pt x 570.63188pt>
File: images/3DModel.png Graphic file (type png)
<use images/3DModel.png>
Package pdftex.def Info: images/3DModel.png  used on input line 395.
(pdftex.def)             Requested size: 316.97646pt x 199.72415pt.

Overfull \hbox (2.7771pt too wide) in paragraph at lines 400--400
[]\T1/cmr/bx/n/17.28 Preuve de concept (Proof of concept - POC) 
 []

[24 <./images/3DModel.png>]
Underfull \hbox (badness 10000) in paragraph at lines 409--410

 []


Underfull \hbox (badness 10000) in paragraph at lines 409--410

 []


Underfull \vbox (badness 10000) has occurred while \output is active []

 [25]
[26]
Chapitre 4.
(memoire.bbl [27

] [28]
Underfull \hbox (badness 4024) in paragraph at lines 42--45
[]\T1/cmr/m/n/12 F. Ken-ton Mus-grave, Craig E. Kolb, and Ro-bert S.
 []


Underfull \hbox (badness 3635) in paragraph at lines 42--45
\T1/cmr/m/n/12 Mace.  Ametrologicalcharacterizationofthekinectv2time-of-
 []

) [29

] (memoire.aux)

LaTeX Warning: There were undefined references.


LaTeX Warning: Label(s) may have changed. Rerun to get cross-references right.

 ) 
Here is how much of TeX's memory you used:
 7058 strings out of 492895
 98661 string characters out of 3120467
 181252 words of memory out of 3000000
 10799 multiletter control sequences out of 15000+200000
 23065 words of font info for 60 fonts, out of 3000000 for 9000
 1141 hyphenation exceptions out of 8191
 41i,9n,35p,2045b,425s stack positions out of 5000i,500n,10000p,200000b,50000s
 <C:\Users\BelkaYasmine\AppData\Local\MiKTeX\2.9\fonts/pk/ljfour/jknappen/ec/
dpi600\ecti1000.pk> <C:\Users\BelkaYasmine\AppData\Local\MiKTeX\2.9\fonts/pk/lj
four/jknappen/ec/dpi600\tcrm1200.pk> <C:\Users\BelkaYasmine\AppData\Local\MiKTe
X\2.9\fonts/pk/ljfour/jknappen/ec/dpi600\ectt1200.pk> <C:\Users\BelkaYasmine\Ap
pData\Local\MiKTeX\2.9\fonts/pk/ljfour/jknappen/ec/dpi600\ectt1000.pk> <C:\User
s\BelkaYasmine\AppData\Local\MiKTeX\2.9\fonts/pk/ljfour/jknappen/ec/dpi600\ecti
1200.pk> <C:\Users\BelkaYasmine\AppData\Local\MiKTeX\2.9\fonts/pk/ljfour/jknapp
en/ec/dpi600\ecsl1200.pk> <C:\Users\BelkaYasmine\AppData\Local\MiKTeX\2.9\fonts
/pk/ljfour/jknappen/ec/dpi600\ecrm1000.pk> <C:\Users\BelkaYasmine\AppData\Local
\MiKTeX\2.9\fonts/pk/ljfour/jknappen/ec/dpi600\ecrm0800.pk> <C:\Users\BelkaYasm
ine\AppData\Local\MiKTeX\2.9\fonts/pk/ljfour/jknappen/ec/dpi600\ecbx1200.pk> <C
:\Users\BelkaYasmine\AppData\Local\MiKTeX\2.9\fonts/pk/ljfour/jknappen/ec/dpi60
0\ecbx2488.pk> <C:\Users\BelkaYasmine\AppData\Local\MiKTeX\2.9\fonts/pk/ljfour/
jknappen/ec/dpi600\eccc1200.pk> <C:\Users\BelkaYasmine\AppData\Local\MiKTeX\2.9
\fonts/pk/ljfour/jknappen/ec/dpi600\ecrm1200.pk> <C:\Users\BelkaYasmine\AppData
\Local\MiKTeX\2.9\fonts/pk/ljfour/jknappen/ec/dpi600\ecrm1440.pk> <C:\Users\Bel
kaYasmine\AppData\Local\MiKTeX\2.9\fonts/pk/ljfour/jknappen/ec/dpi600\ecbx1728.
pk> <C:\Users\BelkaYasmine\AppData\Local\MiKTeX\2.9\fonts/pk/ljfour/jknappen/ec
/dpi600\ecbx1440.pk> <C:\Users\BelkaYasmine\AppData\Local\MiKTeX\2.9\fonts/pk/l
jfour/jknappen/ec/dpi600\eccc1440.pk><C:/Users/BelkaYasmine/AppData/Local/Progr
ams/MiKTeX 2.9/fonts/type1/public/amsfonts/cm/cmex10.pfb><C:/Users/BelkaYasmine
/AppData/Local/Programs/MiKTeX 2.9/fonts/type1/public/amsfonts/cm/cmmi12.pfb><C
:/Users/BelkaYasmine/AppData/Local/Programs/MiKTeX 2.9/fonts/type1/public/amsfo
nts/cm/cmmi8.pfb><C:/Users/BelkaYasmine/AppData/Local/Programs/MiKTeX 2.9/fonts
/type1/public/amsfonts/cm/cmr10.pfb><C:/Users/BelkaYasmine/AppData/Local/Progra
ms/MiKTeX 2.9/fonts/type1/public/amsfonts/cm/cmr12.pfb><C:/Users/BelkaYasmine/A
ppData/Local/Programs/MiKTeX 2.9/fonts/type1/public/amsfonts/cm/cmr8.pfb><C:/Us
ers/BelkaYasmine/AppData/Local/Programs/MiKTeX 2.9/fonts/type1/public/amsfonts/
cm/cmsy10.pfb>
Output written on memoire.pdf (41 pages, 2771449 bytes).
PDF statistics:
 858 PDF objects out of 1000 (max. 8388607)
 0 named destinations out of 1000 (max. 500000)
 66 words of extra memory for PDF output out of 10000 (max. 10000000)

